CR0 update: CR0=0x60000010
CR0 update: CR0=0x60000010
CR0 update: CR0=0x60000010
CR0 update: CR0=0x60000010
CR0 update: CR0=0x60000010
CR0 update: CR0=0x60000010
CR0 update: CR0=0x60000010
CR0 update: CR0=0x60000010
CR0 update: CR0=0x00000011
CR0 update: CR0=0x60000010
CR0 update: CR0=0x60000010
CR0 update: CR0=0x60000010
CR0 update: CR0=0x00000011
CR0 update: CR0=0x00000011
CR0 update: CR0=0x00000011
CR0 update: CR0=0x00000010
CR0 update: CR0=0x00000011
CR0 update: CR0=0x00000010
CR0 update: CR0=0x00000011
CR0 update: CR0=0x00000010
CR0 update: CR0=0x00000011
CR0 update: CR0=0x00000010
CR0 update: CR0=0x00000011
CR0 update: CR0=0x00000010
CR0 update: CR0=0x00000011
CR0 update: CR0=0x00000010
CR0 update: CR0=0x00000011
CR0 update: CR0=0x00000010
CR0 update: CR0=0x00000011
CR0 update: CR0=0x00000010
CR0 update: CR0=0x00000011
CR0 update: CR0=0x00000010
CR0 update: CR0=0x00000011
CR0 update: CR0=0x00000010
CR0 update: CR0=0x00000011
CR0 update: CR0=0x00000010
CR0 update: CR0=0x00000011
CR0 update: CR0=0x00000010
CR0 update: CR0=0x00000011
CR0 update: CR0=0x00000010
CR0 update: CR0=0x00000011
CR0 update: CR0=0x00000010
CR0 update: CR0=0x00000011
CR0 update: CR0=0x00000010
CR0 update: CR0=0x00000011
CR0 update: CR0=0x00000010
CR0 update: CR0=0x00000011
CR0 update: CR0=0x00000010
CR0 update: CR0=0x00000011
CR0 update: CR0=0x00000010
CR0 update: CR0=0x00000011
CR0 update: CR0=0x00000010
CR0 update: CR0=0x00000011
CR0 update: CR0=0x00000010
CR0 update: CR0=0x00000011
CR0 update: CR0=0x00000010
CR0 update: CR0=0x00000011
CR0 update: CR0=0x00000010
CR0 update: CR0=0x00000011
CR0 update: CR0=0x00000010
CR0 update: CR0=0x00000011
CR0 update: CR0=0x00000010
CR0 update: CR0=0x00000011
CR0 update: CR0=0x00000010
CR0 update: CR0=0x00000011
CR0 update: CR0=0x00000010
CR0 update: CR0=0x00000011
CR0 update: CR0=0x00000010
CR0 update: CR0=0x00000011
CR0 update: CR0=0x00000010
CR0 update: CR0=0x00000011
CR0 update: CR0=0x00000010
CR0 update: CR0=0x00000011
CR0 update: CR0=0x00000010
CR0 update: CR0=0x00000011
CR0 update: CR0=0x00000010
CR0 update: CR0=0x00000011
CR0 update: CR0=0x00000010
CR0 update: CR0=0x00000011
CR0 update: CR0=0x00000010
CR0 update: CR0=0x00000011
CR0 update: CR0=0x00000010
CR0 update: CR0=0x00000011
CR0 update: CR0=0x00000010
CR0 update: CR0=0x00000011
CR0 update: CR0=0x00000010
CR0 update: CR0=0x00000011
CR0 update: CR0=0x00000010
CR0 update: CR0=0x00000011
CR0 update: CR0=0x00000010
CR0 update: CR0=0x00000011
CR0 update: CR0=0x00000010
CR0 update: CR0=0x00000011
CR0 update: CR0=0x00000010
CR0 update: CR0=0x00000011
CR0 update: CR0=0x00000010
CR0 update: CR0=0x00000011
CR0 update: CR0=0x00000010
CR0 update: CR0=0x00000011
CR0 update: CR0=0x00000010
CR0 update: CR0=0x00000011
CR0 update: CR0=0x00000010
CR0 update: CR0=0x00000011
CR0 update: CR0=0x00000010
CR0 update: CR0=0x00000011
CR0 update: CR0=0x00000010
CR0 update: CR0=0x00000011
CR0 update: CR0=0x00000010
CR0 update: CR0=0x00000011
CR0 update: CR0=0x00000010
CR0 update: CR0=0x00000011
CR0 update: CR0=0x00000010
CR0 update: CR0=0x00000011
CR0 update: CR0=0x00000010
CR0 update: CR0=0x00000011
CR0 update: CR0=0x00000010
CR0 update: CR0=0x00000011
CR0 update: CR0=0x00000010
CR0 update: CR0=0x00000011
CR0 update: CR0=0x00000010
CR0 update: CR0=0x00000011
CR0 update: CR0=0x00000010
CR0 update: CR0=0x00000011
CR0 update: CR0=0x00000010
CR0 update: CR0=0x00000011
CR0 update: CR0=0x00000010
CR0 update: CR0=0x00000011
CR0 update: CR0=0x00000010
CR0 update: CR0=0x00000011
CR0 update: CR0=0x00000010
CR0 update: CR0=0x00000011
CR0 update: CR0=0x00000010
CR0 update: CR0=0x00000011
CR0 update: CR0=0x00000010
CR0 update: CR0=0x00000011
CR0 update: CR0=0x00000010
CR0 update: CR0=0x00000011
CR0 update: CR0=0x00000010
CR0 update: CR0=0x00000011
CR0 update: CR0=0x00000010
CR0 update: CR0=0x00000011
CR0 update: CR0=0x00000010
CR0 update: CR0=0x00000011
CR0 update: CR0=0x00000010
CR0 update: CR0=0x00000011
CR0 update: CR0=0x00000010
CR0 update: CR0=0x00000011
CR0 update: CR0=0x00000010
CR0 update: CR0=0x00000011
CR0 update: CR0=0x00000010
CR0 update: CR0=0x00000011
CR0 update: CR0=0x00000010
CR0 update: CR0=0x00000011
CR0 update: CR0=0x00000010
CR0 update: CR0=0x00000011
CR0 update: CR0=0x00000010
CR0 update: CR0=0x00000011
CR0 update: CR0=0x00000010
CR0 update: CR0=0x00000011
CR0 update: CR0=0x00000010
CR0 update: CR0=0x00000011
CR0 update: CR0=0x00000010
CR0 update: CR0=0x00000011
CR0 update: CR0=0x00000010
CR0 update: CR0=0x00000011
CR0 update: CR0=0x00000010
CR0 update: CR0=0x00000011
CR0 update: CR0=0x00000010
CR0 update: CR0=0x00000011
CR0 update: CR0=0x00000010
CR0 update: CR0=0x00000011
CR0 update: CR0=0x00000010
CR0 update: CR0=0x00000011
CR0 update: CR0=0x00000010
CR0 update: CR0=0x00000011
CR0 update: CR0=0x00000010
CR0 update: CR0=0x00000011
CR0 update: CR0=0x00000010
CR0 update: CR0=0x00000011
CR0 update: CR0=0x00000010
CR0 update: CR0=0x00000011
CR0 update: CR0=0x00000010
CR0 update: CR0=0x00000011
CR0 update: CR0=0x00000010
CR0 update: CR0=0x00000011
CR0 update: CR0=0x00000010
CR0 update: CR0=0x00000011
CR0 update: CR0=0x00000010
CR0 update: CR0=0x00000011
CR0 update: CR0=0x00000010
CR0 update: CR0=0x00000011
CR0 update: CR0=0x00000010
CR0 update: CR0=0x00000011
CR0 update: CR0=0x00000010
CR0 update: CR0=0x00000011
CR0 update: CR0=0x00000010
CR0 update: CR0=0x00000011
CR0 update: CR0=0x00000010
CR0 update: CR0=0x00000011
CR0 update: CR0=0x00000010
CR0 update: CR0=0x00000011
CR0 update: CR0=0x00000010
CR0 update: CR0=0x00000011
CR0 update: CR0=0x00000010
CR0 update: CR0=0x00000011
CR0 update: CR0=0x00000010
CR0 update: CR0=0x00000011
CR0 update: CR0=0x00000010
CR0 update: CR0=0x00000011
CR0 update: CR0=0x00000010
CR0 update: CR0=0x00000011
CR0 update: CR0=0x00000010
CR0 update: CR0=0x00000011
CR0 update: CR0=0x00000010
CR0 update: CR0=0x00000011
CR0 update: CR0=0x00000010
CR0 update: CR0=0x00000011
CR0 update: CR0=0x00000010
CR0 update: CR0=0x00000011
CR0 update: CR0=0x00000010
CR0 update: CR0=0x00000011
CR0 update: CR0=0x00000010
CR0 update: CR0=0x00000011
CR0 update: CR0=0x00000010
CR0 update: CR0=0x00000011
CR0 update: CR0=0x00000010
CR0 update: CR0=0x00000011
CR0 update: CR0=0x00000010
CR0 update: CR0=0x00000011
CR0 update: CR0=0x00000010
CR0 update: CR0=0x00000011
CR0 update: CR0=0x00000010
CR0 update: CR0=0x00000011
CR0 update: CR0=0x00000010
CR0 update: CR0=0x00000011
CR0 update: CR0=0x00000010
CR0 update: CR0=0x00000011
CR0 update: CR0=0x00000010
CR0 update: CR0=0x00000011
CR0 update: CR0=0x00000010
CR0 update: CR0=0x00000011
CR0 update: CR0=0x00000010
CR0 update: CR0=0x00000011
CR0 update: CR0=0x00000010
CR0 update: CR0=0x00000011
CR0 update: CR0=0x00000010
CR0 update: CR0=0x00000011
CR0 update: CR0=0x00000010
CR0 update: CR0=0x00000011
CR0 update: CR0=0x00000010
CR0 update: CR0=0x00000011
CR0 update: CR0=0x00000010
CR0 update: CR0=0x00000011
CR0 update: CR0=0x00000010
CR0 update: CR0=0x00000011
CR0 update: CR0=0x00000010
CR0 update: CR0=0x00000011
CR0 update: CR0=0x00000010
CR0 update: CR0=0x00000011
CR0 update: CR0=0x00000010
CR0 update: CR0=0x00000011
CR0 update: CR0=0x00000010
CR0 update: CR0=0x00000011
CR0 update: CR0=0x00000010
CR0 update: CR0=0x00000011
CR0 update: CR0=0x00000010
CR0 update: CR0=0x00000011
CR0 update: CR0=0x00000010
CR0 update: CR0=0x00000011
CR0 update: CR0=0x00000010
CR0 update: CR0=0x00000011
CR0 update: CR0=0x00000010
CR0 update: CR0=0x00000011
CR0 update: CR0=0x00000010
CR0 update: CR0=0x00000011
CR0 update: CR0=0x00000010
CR0 update: CR0=0x00000011
CR0 update: CR0=0x00000010
CR0 update: CR0=0x00000011
CR0 update: CR0=0x00000010
CR0 update: CR0=0x00000011
CR0 update: CR0=0x00000010
CR0 update: CR0=0x00000011
CR0 update: CR0=0x00000010
CR0 update: CR0=0x00000011
CR0 update: CR0=0x00000010
CR0 update: CR0=0x00000011
CR0 update: CR0=0x00000010
CR0 update: CR0=0x00000011
CR0 update: CR0=0x00000010
CR0 update: CR0=0x00000011
CR0 update: CR0=0x00000010
CR0 update: CR0=0x00000011
CR0 update: CR0=0x00000010
CR0 update: CR0=0x00000011
CR0 update: CR0=0x00000010
CR0 update: CR0=0x00000011
CR0 update: CR0=0x00000010
CR0 update: CR0=0x00000011
CR0 update: CR0=0x00000010
CR0 update: CR0=0x00000011
CR0 update: CR0=0x00000010
CR0 update: CR0=0x00000011
CR0 update: CR0=0x00000010
CR0 update: CR0=0x00000011
CR0 update: CR0=0x00000010
CR0 update: CR0=0x00000011
CR0 update: CR0=0x00000010
CR0 update: CR0=0x00000011
CR0 update: CR0=0x00000010
CR0 update: CR0=0x00000011
CR0 update: CR0=0x00000010
CR0 update: CR0=0x00000011
CR0 update: CR0=0x00000010
CR0 update: CR0=0x00000011
CR0 update: CR0=0x00000010
CR0 update: CR0=0x00000011
CR0 update: CR0=0x00000010
CR0 update: CR0=0x00000011
CR0 update: CR0=0x00000010
CR0 update: CR0=0x00000011
CR0 update: CR0=0x00000010
CR0 update: CR0=0x00000011
CR0 update: CR0=0x00000010
CR0 update: CR0=0x00000011
CR0 update: CR0=0x00000010
CR0 update: CR0=0x00000011
CR0 update: CR0=0x00000010
CR0 update: CR0=0x00000011
CR0 update: CR0=0x00000010
CR0 update: CR0=0x00000011
CR0 update: CR0=0x00000010
CR0 update: CR0=0x00000011
CR0 update: CR0=0x00000010
CR0 update: CR0=0x00000011
CR0 update: CR0=0x00000010
CR0 update: CR0=0x00000011
CR0 update: CR0=0x00000010
CR0 update: CR0=0x00000011
CR0 update: CR0=0x00000010
CR0 update: CR0=0x00000011
CR0 update: CR0=0x00000010
CR0 update: CR0=0x00000011
CR0 update: CR0=0x00000010
CR0 update: CR0=0x00000011
CR0 update: CR0=0x00000010
CR0 update: CR0=0x00000011
CR0 update: CR0=0x00000010
CR0 update: CR0=0x00000011
CR0 update: CR0=0x00000010
CR0 update: CR0=0x00000011
CR0 update: CR0=0x00000010
CR0 update: CR0=0x00000011
CR0 update: CR0=0x00000010
CR0 update: CR0=0x00000011
CR0 update: CR0=0x00000010
CR0 update: CR0=0x00000011
CR0 update: CR0=0x00000010
CR0 update: CR0=0x00000011
CR0 update: CR0=0x00000010
CR0 update: CR0=0x00000011
CR0 update: CR0=0x00000010
CR0 update: CR0=0x00000011
CR0 update: CR0=0x00000010
CR0 update: CR0=0x00000011
CR0 update: CR0=0x00000010
CR0 update: CR0=0x00000011
CR0 update: CR0=0x00000010
CR0 update: CR0=0x00000011
CR0 update: CR0=0x00000010
CR0 update: CR0=0x00000011
CR0 update: CR0=0x00000010
CR0 update: CR0=0x00000011
CR0 update: CR0=0x00000010
CR0 update: CR0=0x00000011
CR0 update: CR0=0x00000010
CR0 update: CR0=0x00000011
CR0 update: CR0=0x00000010
CR0 update: CR0=0x00000011
CR0 update: CR0=0x00000010
CR0 update: CR0=0x00000011
CR0 update: CR0=0x00000010
CR0 update: CR0=0x00000011
CR0 update: CR0=0x00000010
CR0 update: CR0=0x00000011
CR0 update: CR0=0x00000010
CR0 update: CR0=0x00000011
CR0 update: CR0=0x00000010
CR0 update: CR0=0x00000011
CR0 update: CR0=0x00000010
CR0 update: CR0=0x00000011
CR0 update: CR0=0x00000010
CR0 update: CR0=0x00000011
CR0 update: CR0=0x00000010
CR0 update: CR0=0x00000011
CR0 update: CR0=0x00000010
CR0 update: CR0=0x00000011
CR0 update: CR0=0x00000010
CR0 update: CR0=0x00000011
CR0 update: CR0=0x00000010
CR0 update: CR0=0x00000011
CR0 update: CR0=0x00000010
CR0 update: CR0=0x00000011
CR0 update: CR0=0x00000010
CR0 update: CR0=0x00000011
CR0 update: CR0=0x00000010
CR0 update: CR0=0x00000011
CR0 update: CR0=0x00000010
CR0 update: CR0=0x00000011
CR0 update: CR0=0x00000010
CR0 update: CR0=0x00000011
CR0 update: CR0=0x00000010
CR0 update: CR0=0x00000011
CR0 update: CR0=0x00000010
CR0 update: CR0=0x00000011
CR0 update: CR0=0x00000010
CR0 update: CR0=0x00000011
CR0 update: CR0=0x00000010
CR0 update: CR0=0x00000011
CR0 update: CR0=0x00000010
CR0 update: CR0=0x00000011
CR0 update: CR0=0x00000010
CR0 update: CR0=0x00000011
CR0 update: CR0=0x00000010
CR0 update: CR0=0x00000011
CR0 update: CR0=0x00000010
CR0 update: CR0=0x00000011
CR0 update: CR0=0x00000010
CR0 update: CR0=0x00000011
CR0 update: CR0=0x00000010
CR0 update: CR0=0x00000011
CR0 update: CR0=0x00000010
CR0 update: CR0=0x00000011
CR0 update: CR0=0x00000010
CR0 update: CR0=0x00000011
CR0 update: CR0=0x00000010
CR0 update: CR0=0x00000011
CR0 update: CR0=0x00000010
CR0 update: CR0=0x00000011
CR0 update: CR0=0x00000010
CR0 update: CR0=0x00000011
CR0 update: CR0=0x00000010
CR0 update: CR0=0x00000011
CR0 update: CR0=0x00000010
CR0 update: CR0=0x00000011
CR0 update: CR0=0x00000010
CR0 update: CR0=0x00000011
CR0 update: CR0=0x00000010
CR0 update: CR0=0x00000011
CR0 update: CR0=0x00000010
CR0 update: CR0=0x00000011
CR0 update: CR0=0x00000010
CR0 update: CR0=0x00000011
CR0 update: CR0=0x00000010
CR0 update: CR0=0x00000011
CR0 update: CR0=0x00000010
CR0 update: CR0=0x00000011
CR0 update: CR0=0x00000010
CR0 update: CR0=0x00000011
CR0 update: CR0=0x00000010
CR0 update: CR0=0x00000011
CR0 update: CR0=0x00000010
CR0 update: CR0=0x00000011
CR0 update: CR0=0x00000010
CR0 update: CR0=0x00000011
CR0 update: CR0=0x00000010
CR0 update: CR0=0x00000011
CR0 update: CR0=0x00000010
CR0 update: CR0=0x00000011
CR0 update: CR0=0x00000010
CR0 update: CR0=0x00000011
CR0 update: CR0=0x00000010
CR0 update: CR0=0x00000011
CR0 update: CR0=0x00000010
CR0 update: CR0=0x00000011
CR0 update: CR0=0x00000010
CR0 update: CR0=0x00000011
CR0 update: CR0=0x00000010
CR0 update: CR0=0x00000011
CR0 update: CR0=0x00000010
CR0 update: CR0=0x00000011
CR0 update: CR0=0x00000010
CR0 update: CR0=0x00000011
CR0 update: CR0=0x00000010
CR0 update: CR0=0x00000011
CR0 update: CR0=0x00000010
CR0 update: CR0=0x00000011
CR0 update: CR0=0x00000010
CR0 update: CR0=0x00000011
CR0 update: CR0=0x00000010
CR0 update: CR0=0x00000011
CR0 update: CR0=0x00000010
CR0 update: CR0=0x00000011
CR0 update: CR0=0x00000010
CR0 update: CR0=0x00000011
CR0 update: CR0=0x00000010
CR0 update: CR0=0x00000011
CR0 update: CR0=0x00000010
CR0 update: CR0=0x00000011
CR0 update: CR0=0x00000010
CR0 update: CR0=0x00000011
CR0 update: CR0=0x00000010
CR0 update: CR0=0x00000011
CR0 update: CR0=0x00000010
CR0 update: CR0=0x00000011
CR0 update: CR0=0x00000010
CR0 update: CR0=0x00000011
CR0 update: CR0=0x00000010
CR0 update: CR0=0x00000011
CR0 update: CR0=0x00000010
CR0 update: CR0=0x00000011
CR0 update: CR0=0x00000010
CR0 update: CR0=0x00000011
CR0 update: CR0=0x00000010
CR0 update: CR0=0x00000011
CR0 update: CR0=0x00000010
CR0 update: CR0=0x00000011
CR0 update: CR0=0x00000010
CR0 update: CR0=0x00000011
CR0 update: CR0=0x00000010
CR0 update: CR0=0x00000011
CR0 update: CR0=0x00000010
CR0 update: CR0=0x00000011
CR0 update: CR0=0x00000010
CR0 update: CR0=0x00000011
CR0 update: CR0=0x00000010
CR0 update: CR0=0x00000011
CR0 update: CR0=0x00000010
CR0 update: CR0=0x00000011
CR0 update: CR0=0x00000010
CR0 update: CR0=0x00000011
CR0 update: CR0=0x00000010
CR0 update: CR0=0x00000011
CR0 update: CR0=0x00000010
CR0 update: CR0=0x00000011
CR0 update: CR0=0x00000010
CR0 update: CR0=0x00000011
CR0 update: CR0=0x00000010
CR0 update: CR0=0x00000011
CR0 update: CR0=0x00000010
CR0 update: CR0=0x00000011
CR0 update: CR0=0x00000010
CR0 update: CR0=0x00000011
CR0 update: CR0=0x00000010
CR0 update: CR0=0x00000011
CR0 update: CR0=0x00000010
CR0 update: CR0=0x00000011
CR0 update: CR0=0x00000010
CR0 update: CR0=0x00000011
CR0 update: CR0=0x00000010
CR0 update: CR0=0x00000011
CR0 update: CR0=0x00000010
CR0 update: CR0=0x00000011
CR0 update: CR0=0x00000010
CR0 update: CR0=0x00000011
CR0 update: CR0=0x00000010
CR0 update: CR0=0x00000011
CR0 update: CR0=0x00000010
CR0 update: CR0=0x00000011
CR0 update: CR0=0x00000010
CR0 update: CR0=0x00000011
CR0 update: CR0=0x00000010
CR0 update: CR0=0x00000011
CR0 update: CR0=0x00000010
CR0 update: CR0=0x00000011
CR0 update: CR0=0x00000010
CR0 update: CR0=0x00000011
CR0 update: CR0=0x00000010
CR0 update: CR0=0x00000011
CR0 update: CR0=0x00000010
CR0 update: CR0=0x00000011
CR0 update: CR0=0x00000010
CR0 update: CR0=0x00000011
CR0 update: CR0=0x00000010
CR0 update: CR0=0x00000011
CR0 update: CR0=0x00000010
CR0 update: CR0=0x00000011
CR0 update: CR0=0x00000010
CR0 update: CR0=0x00000011
CR0 update: CR0=0x00000010
CR0 update: CR0=0x00000011
CR0 update: CR0=0x00000010
CR0 update: CR0=0x00000011
CR0 update: CR0=0x00000010
CR0 update: CR0=0x00000011
CR0 update: CR0=0x00000010
CR0 update: CR0=0x00000011
CR0 update: CR0=0x00000010
CR0 update: CR0=0x00000011
CR0 update: CR0=0x00000010
CR0 update: CR0=0x00000011
CR0 update: CR0=0x00000010
CR0 update: CR0=0x00000011
CR0 update: CR0=0x00000010
CR0 update: CR0=0x00000011
CR0 update: CR0=0x00000010
CR0 update: CR0=0x00000011
CR0 update: CR0=0x00000010
CR0 update: CR0=0x00000011
CR0 update: CR0=0x00000010
CR0 update: CR0=0x00000011
CR0 update: CR0=0x00000010
CR0 update: CR0=0x00000011
CR0 update: CR0=0x00000010
CR0 update: CR0=0x00000011
CR0 update: CR0=0x00000010
CR0 update: CR0=0x00000011
CR0 update: CR0=0x00000010
CR0 update: CR0=0x00000011
CR0 update: CR0=0x00000010
CR0 update: CR0=0x00000011
CR0 update: CR0=0x00000010
CR0 update: CR0=0x00000011
CR0 update: CR0=0x00000010
CR0 update: CR0=0x00000011
CR0 update: CR0=0x00000010
CR0 update: CR0=0x00000011
CR0 update: CR0=0x00000010
CR0 update: CR0=0x00000011
CR0 update: CR0=0x00000010
CR0 update: CR0=0x00000011
CR0 update: CR0=0x00000010
CR0 update: CR0=0x00000011
CR0 update: CR0=0x00000010
CR0 update: CR0=0x00000011
CR0 update: CR0=0x00000010
CR0 update: CR0=0x00000011
CR0 update: CR0=0x00000010
CR0 update: CR0=0x00000011
CR0 update: CR0=0x00000010
Servicing hardware INT=0x0e
Servicing hardware INT=0x0e
Servicing hardware INT=0x08
Servicing hardware INT=0x0e
Servicing hardware INT=0x0e
CR0 update: CR0=0x00000011
CR0 update: CR0=0x00000010
Servicing hardware INT=0x0e
Servicing hardware INT=0x0e
Servicing hardware INT=0x0e
Servicing hardware INT=0x0e
Servicing hardware INT=0x0e
Servicing hardware INT=0x0e
Servicing hardware INT=0x0e
Servicing hardware INT=0x0e
Servicing hardware INT=0x0e
Servicing hardware INT=0x0e
Servicing hardware INT=0x0e
Servicing hardware INT=0x0e
Servicing hardware INT=0x0e
Servicing hardware INT=0x0e
Servicing hardware INT=0x0e
Servicing hardware INT=0x0e
Servicing hardware INT=0x0e
Servicing hardware INT=0x0e
Servicing hardware INT=0x0e
Servicing hardware INT=0x0e
Servicing hardware INT=0x0e
Servicing hardware INT=0x0e
Servicing hardware INT=0x0e
Servicing hardware INT=0x0e
Servicing hardware INT=0x0e
Servicing hardware INT=0x0e
Servicing hardware INT=0x0e
Servicing hardware INT=0x0e
Servicing hardware INT=0x0e
Servicing hardware INT=0x0e
Servicing hardware INT=0x0e
Servicing hardware INT=0x0e
Servicing hardware INT=0x0e
Servicing hardware INT=0x0e
Servicing hardware INT=0x0e
Servicing hardware INT=0x0e
Servicing hardware INT=0x0e
Servicing hardware INT=0x0e
Servicing hardware INT=0x0e
Servicing hardware INT=0x0e
Servicing hardware INT=0x0e
Servicing hardware INT=0x0e
Servicing hardware INT=0x0e
Servicing hardware INT=0x0e
Servicing hardware INT=0x0e
Servicing hardware INT=0x0e
Servicing hardware INT=0x0e
Servicing hardware INT=0x0e
Servicing hardware INT=0x0e
Servicing hardware INT=0x0e
Servicing hardware INT=0x0e
Servicing hardware INT=0x0e
Servicing hardware INT=0x0e
Servicing hardware INT=0x0e
Servicing hardware INT=0x0e
Servicing hardware INT=0x0e
Servicing hardware INT=0x0e
Servicing hardware INT=0x0e
Servicing hardware INT=0x0e
Servicing hardware INT=0x0e
Servicing hardware INT=0x0e
Servicing hardware INT=0x0e
Servicing hardware INT=0x0e
Servicing hardware INT=0x0e
Servicing hardware INT=0x0e
Servicing hardware INT=0x0e
Servicing hardware INT=0x0e
Servicing hardware INT=0x0e
Servicing hardware INT=0x0e
Servicing hardware INT=0x0e
Servicing hardware INT=0x0e
Servicing hardware INT=0x0e
Servicing hardware INT=0x0e
Servicing hardware INT=0x0e
Servicing hardware INT=0x0e
Servicing hardware INT=0x0e
Servicing hardware INT=0x0e
Servicing hardware INT=0x0e
Servicing hardware INT=0x0e
Servicing hardware INT=0x0e
Servicing hardware INT=0x0e
Servicing hardware INT=0x0e
Servicing hardware INT=0x0e
Servicing hardware INT=0x0e
Servicing hardware INT=0x0e
Servicing hardware INT=0x0e
Servicing hardware INT=0x0e
Servicing hardware INT=0x0e
Servicing hardware INT=0x0e
Servicing hardware INT=0x0e
Servicing hardware INT=0x0e
Servicing hardware INT=0x0e
Servicing hardware INT=0x0e
Servicing hardware INT=0x0e
Servicing hardware INT=0x0e
Servicing hardware INT=0x0e
Servicing hardware INT=0x0e
Servicing hardware INT=0x0e
Servicing hardware INT=0x0e
Servicing hardware INT=0x0e
Servicing hardware INT=0x0e
Servicing hardware INT=0x0e
Servicing hardware INT=0x0e
Servicing hardware INT=0x0e
Servicing hardware INT=0x0e
Servicing hardware INT=0x0e
Servicing hardware INT=0x0e
Servicing hardware INT=0x0e
Servicing hardware INT=0x0e
Servicing hardware INT=0x0e
Servicing hardware INT=0x0e
Servicing hardware INT=0x0e
Servicing hardware INT=0x0e
Servicing hardware INT=0x0e
Servicing hardware INT=0x0e
Servicing hardware INT=0x0e
Servicing hardware INT=0x0e
Servicing hardware INT=0x0e
Servicing hardware INT=0x0e
Servicing hardware INT=0x0e
Servicing hardware INT=0x0e
Servicing hardware INT=0x0e
Servicing hardware INT=0x0e
Servicing hardware INT=0x0e
Servicing hardware INT=0x0e
Servicing hardware INT=0x0e
Servicing hardware INT=0x0e
Servicing hardware INT=0x0e
Servicing hardware INT=0x0e
Servicing hardware INT=0x0e
Servicing hardware INT=0x0e
Servicing hardware INT=0x0e
Servicing hardware INT=0x0e
Servicing hardware INT=0x0e
CR0 update: CR0=0x00000011
CR0 update: CR0=0x60000010
CR0 update: CR0=0x60000010
CR0 update: CR0=0x60000010
CR0 update: CR0=0x60000011
CR0 update: CR0=0x60000011
CR0 update: CR0=0x60000011
CR0 update: CR0=0x80000001
CR3 update: CR3=3fff9000
CR0 update: CR0=0x80000001
CR0 update: CR0=0x80000001
CR3 update: CR3=3fff9000
CR3 update: CR3=3fff9000
CR0 update: CR0=0x80000001
CR3 update: CR3=3fff9000
Servicing hardware INT=0x20
     0: v=20 e=0000 i=0 cpl=0 IP=0008:80003b82 pc=80003b82 SP=0010:ffb03f40 env->regs[R_EAX]=00000001
EAX=00000001 EBX=00000000 ECX=80400098 EDX=ffc4bfa0
ESI=ffc00000 EDI=00000004 EBP=00000000 ESP=ffb03f40
EIP=80003b82 EFL=00200282 [--S----] CPL=0 II=0 A20=1 SMM=0 HLT=0
ES =0010 00000000 ffffffff 00cf9300 DPL=0 DS   [-WA]
CS =0008 00000000 ffffffff 00cf9b00 DPL=0 CS32 [-RA]
SS =0010 00000000 ffffffff 00cf9300 DPL=0 DS   [-WA]
DS =0010 00000000 ffffffff 00cf9300 DPL=0 DS   [-WA]
FS =0010 00000000 ffffffff 00cf9300 DPL=0 DS   [-WA]
GS =0010 00000000 ffffffff 00cf9300 DPL=0 DS   [-WA]
LDT=0000 00000000 0000ffff 00008200 DPL=0 LDT
TR =0000 00000000 0000ffff 00008b00 DPL=0 TSS32-busy
GDT=     ff801000 00000fff
IDT=     ff800000 00000fff
CR0=80000011 CR2=00000000 CR3=3fff9000 CR4=00000100
DR0=00000000 DR1=00000000 DR2=00000000 DR3=00000000 
DR6=ffff0ff0 DR7=00000400
CCS=00000080 CCD=ffb03f38 CCO=EFLAGS
EFER=0000000000000000
Servicing hardware INT=0x20
     1: v=20 e=0000 i=0 cpl=0 IP=0008:80002840 pc=80002840 SP=0010:ffc47e64 env->regs[R_EAX]=00000008
EAX=00000008 EBX=00000005 ECX=00000007 EDX=00000006
ESI=00000002 EDI=00000001 EBP=00000003 ESP=ffc47e64
EIP=80002840 EFL=00000202 [-------] CPL=0 II=0 A20=1 SMM=0 HLT=0
ES =0010 00000000 ffffffff 00cf9300 DPL=0 DS   [-WA]
CS =0008 00000000 ffffffff 00cf9b00 DPL=0 CS32 [-RA]
SS =0010 00000000 ffffffff 00cf9300 DPL=0 DS   [-WA]
DS =0010 00000000 ffffffff 00cf9300 DPL=0 DS   [-WA]
FS =0010 00000000 ffffffff 00cf9300 DPL=0 DS   [-WA]
GS =0010 00000000 ffffffff 00cf9300 DPL=0 DS   [-WA]
LDT=0000 00000000 0000ffff 00008200 DPL=0 LDT
TR =0000 00000000 0000ffff 00008b00 DPL=0 TSS32-busy
GDT=     ff801000 00000fff
IDT=     ff800000 00000fff
CR0=80000011 CR2=00000000 CR3=3fff9000 CR4=00000100
DR0=00000000 DR1=00000000 DR2=00000000 DR3=00000000 
DR6=ffff0ff0 DR7=00000400
CCS=00000000 CCD=ffb07fc8 CCO=EFLAGS
EFER=0000000000000000
Servicing hardware INT=0x20
     2: v=20 e=0000 i=0 cpl=0 IP=0008:80002840 pc=80002840 SP=0010:ffc3be00 env->regs[R_EAX]=00000008
EAX=00000008 EBX=00000005 ECX=00000007 EDX=00000006
ESI=00000002 EDI=00000001 EBP=00000003 ESP=ffc3be00
EIP=80002840 EFL=00000202 [-------] CPL=0 II=0 A20=1 SMM=0 HLT=0
ES =0010 00000000 ffffffff 00cf9300 DPL=0 DS   [-WA]
CS =0008 00000000 ffffffff 00cf9b00 DPL=0 CS32 [-RA]
SS =0010 00000000 ffffffff 00cf9300 DPL=0 DS   [-WA]
DS =0010 00000000 ffffffff 00cf9300 DPL=0 DS   [-WA]
FS =0010 00000000 ffffffff 00cf9300 DPL=0 DS   [-WA]
GS =0010 00000000 ffffffff 00cf9300 DPL=0 DS   [-WA]
LDT=0000 00000000 0000ffff 00008200 DPL=0 LDT
TR =0000 00000000 0000ffff 00008b00 DPL=0 TSS32-busy
GDT=     ff801000 00000fff
IDT=     ff800000 00000fff
CR0=80000011 CR2=00000000 CR3=3fff9000 CR4=00000100
DR0=00000000 DR1=00000000 DR2=00000000 DR3=00000000 
DR6=ffff0ff0 DR7=00000400
CCS=00000000 CCD=ffb0ffc8 CCO=EFLAGS
EFER=0000000000000000
Servicing hardware INT=0x20
     3: v=20 e=0000 i=0 cpl=0 IP=0008:80002840 pc=80002840 SP=0010:ffc3be00 env->regs[R_EAX]=00000008
EAX=00000008 EBX=00000005 ECX=00000007 EDX=00000006
ESI=00000002 EDI=00000001 EBP=00000003 ESP=ffc3be00
EIP=80002840 EFL=00000202 [-------] CPL=0 II=0 A20=1 SMM=0 HLT=0
ES =0010 00000000 ffffffff 00cf9300 DPL=0 DS   [-WA]
CS =0008 00000000 ffffffff 00cf9b00 DPL=0 CS32 [-RA]
SS =0010 00000000 ffffffff 00cf9300 DPL=0 DS   [-WA]
DS =0010 00000000 ffffffff 00cf9300 DPL=0 DS   [-WA]
FS =0010 00000000 ffffffff 00cf9300 DPL=0 DS   [-WA]
GS =0010 00000000 ffffffff 00cf9300 DPL=0 DS   [-WA]
LDT=0000 00000000 0000ffff 00008200 DPL=0 LDT
TR =0000 00000000 0000ffff 00008b00 DPL=0 TSS32-busy
GDT=     ff801000 00000fff
IDT=     ff800000 00000fff
CR0=80000011 CR2=00000000 CR3=3fff9000 CR4=00000100
DR0=00000000 DR1=00000000 DR2=00000000 DR3=00000000 
DR6=ffff0ff0 DR7=00000400
CCS=00000000 CCD=ffb03fc8 CCO=EFLAGS
EFER=0000000000000000
Servicing hardware INT=0x20
     4: v=20 e=0000 i=0 cpl=0 IP=0008:8000289a pc=8000289a SP=0010:ffc3bdf4 env->regs[R_EAX]=ffc4beec
EAX=ffc4beec EBX=00000005 ECX=00000007 EDX=ffc4beec
ESI=00000002 EDI=00000001 EBP=00000003 ESP=ffc3bdf4
EIP=8000289a EFL=00000202 [-------] CPL=0 II=0 A20=1 SMM=0 HLT=0
ES =0010 00000000 ffffffff 00cf9300 DPL=0 DS   [-WA]
CS =0008 00000000 ffffffff 00cf9b00 DPL=0 CS32 [-RA]
SS =0010 00000000 ffffffff 00cf9300 DPL=0 DS   [-WA]
DS =0010 00000000 ffffffff 00cf9300 DPL=0 DS   [-WA]
FS =0010 00000000 ffffffff 00cf9300 DPL=0 DS   [-WA]
GS =0010 00000000 ffffffff 00cf9300 DPL=0 DS   [-WA]
LDT=0000 00000000 0000ffff 00008200 DPL=0 LDT
TR =0000 00000000 0000ffff 00008b00 DPL=0 TSS32-busy
GDT=     ff801000 00000fff
IDT=     ff800000 00000fff
CR0=80000011 CR2=00000000 CR3=3fff9000 CR4=00000100
DR0=00000000 DR1=00000000 DR2=00000000 DR3=00000000 
DR6=ffff0ff0 DR7=00000400
CCS=00000000 CCD=00000002 CCO=EFLAGS
EFER=0000000000000000
Servicing hardware INT=0x20
     5: v=20 e=0000 i=0 cpl=0 IP=0008:8000289a pc=8000289a SP=0010:ffc3bdf4 env->regs[R_EAX]=ffc4beec
EAX=ffc4beec EBX=00000005 ECX=00000007 EDX=ffc4beec
ESI=00000002 EDI=00000001 EBP=00000003 ESP=ffc3bdf4
EIP=8000289a EFL=00000246 [---Z-P-] CPL=0 II=0 A20=1 SMM=0 HLT=0
ES =0010 00000000 ffffffff 00cf9300 DPL=0 DS   [-WA]
CS =0008 00000000 ffffffff 00cf9b00 DPL=0 CS32 [-RA]
SS =0010 00000000 ffffffff 00cf9300 DPL=0 DS   [-WA]
DS =0010 00000000 ffffffff 00cf9300 DPL=0 DS   [-WA]
FS =0010 00000000 ffffffff 00cf9300 DPL=0 DS   [-WA]
GS =0010 00000000 ffffffff 00cf9300 DPL=0 DS   [-WA]
LDT=0000 00000000 0000ffff 00008200 DPL=0 LDT
TR =0000 00000000 0000ffff 00008b00 DPL=0 TSS32-busy
GDT=     ff801000 00000fff
IDT=     ff800000 00000fff
CR0=80000011 CR2=00000000 CR3=3fff9000 CR4=00000100
DR0=00000000 DR1=00000000 DR2=00000000 DR3=00000000 
DR6=ffff0ff0 DR7=00000400
CCS=00000044 CCD=00000000 CCO=EFLAGS
EFER=0000000000000000
Servicing hardware INT=0x20
     6: v=20 e=0000 i=0 cpl=0 IP=0008:8000289a pc=8000289a SP=0010:ffc3bdf4 env->regs[R_EAX]=ffc4beec
EAX=ffc4beec EBX=00000005 ECX=00000007 EDX=ffc4beec
ESI=00000002 EDI=00000001 EBP=00000003 ESP=ffc3bdf4
EIP=8000289a EFL=00000206 [-----P-] CPL=0 II=0 A20=1 SMM=0 HLT=0
ES =0010 00000000 ffffffff 00cf9300 DPL=0 DS   [-WA]
CS =0008 00000000 ffffffff 00cf9b00 DPL=0 CS32 [-RA]
SS =0010 00000000 ffffffff 00cf9300 DPL=0 DS   [-WA]
DS =0010 00000000 ffffffff 00cf9300 DPL=0 DS   [-WA]
FS =0010 00000000 ffffffff 00cf9300 DPL=0 DS   [-WA]
GS =0010 00000000 ffffffff 00cf9300 DPL=0 DS   [-WA]
LDT=0000 00000000 0000ffff 00008200 DPL=0 LDT
TR =0000 00000000 0000ffff 00008b00 DPL=0 TSS32-busy
GDT=     ff801000 00000fff
IDT=     ff800000 00000fff
CR0=80000011 CR2=00000000 CR3=3fff9000 CR4=00000100
DR0=00000000 DR1=00000000 DR2=00000000 DR3=00000000 
DR6=ffff0ff0 DR7=00000400
CCS=00000004 CCD=00000003 CCO=EFLAGS
EFER=0000000000000000
Servicing hardware INT=0x20
     7: v=20 e=0000 i=0 cpl=0 IP=0008:8000289a pc=8000289a SP=0010:ffc47e58 env->regs[R_EAX]=ffc4bea0
EAX=ffc4bea0 EBX=00000005 ECX=00000007 EDX=ffc4bea0
ESI=00000002 EDI=00000001 EBP=00000003 ESP=ffc47e58
EIP=8000289a EFL=00000202 [-------] CPL=0 II=0 A20=1 SMM=0 HLT=0
ES =0010 00000000 ffffffff 00cf9300 DPL=0 DS   [-WA]
CS =0008 00000000 ffffffff 00cf9b00 DPL=0 CS32 [-RA]
SS =0010 00000000 ffffffff 00cf9300 DPL=0 DS   [-WA]
DS =0010 00000000 ffffffff 00cf9300 DPL=0 DS   [-WA]
FS =0010 00000000 ffffffff 00cf9300 DPL=0 DS   [-WA]
GS =0010 00000000 ffffffff 00cf9300 DPL=0 DS   [-WA]
LDT=0000 00000000 0000ffff 00008200 DPL=0 LDT
TR =0000 00000000 0000ffff 00008b00 DPL=0 TSS32-busy
GDT=     ff801000 00000fff
IDT=     ff800000 00000fff
CR0=80000011 CR2=00000000 CR3=3fff9000 CR4=00000100
DR0=00000000 DR1=00000000 DR2=00000000 DR3=00000000 
DR6=ffff0ff0 DR7=00000400
CCS=00000000 CCD=00000001 CCO=EFLAGS
EFER=0000000000000000
check_exception old: 0xffffffff new 0xd
     8: v=0d e=0000 i=0 cpl=0 IP=0008:80004987 pc=80004987 SP=0010:ffc3bde8 env->regs[R_EAX]=00000002
EAX=00000002 EBX=00000005 ECX=00000005 EDX=ffc4beec
ESI=00000002 EDI=00000001 EBP=00000003 ESP=ffc3bde8
EIP=80004987 EFL=00000292 [--S-A--] CPL=0 II=0 A20=1 SMM=0 HLT=0
ES =0010 00000000 ffffffff 00cf9300 DPL=0 DS   [-WA]
CS =0008 00000000 ffffffff 00cf9b00 DPL=0 CS32 [-RA]
SS =0010 00000000 ffffffff 00cf9300 DPL=0 DS   [-WA]
DS =0010 00000000 ffffffff 00cf9300 DPL=0 DS   [-WA]
FS =0010 00000000 ffffffff 00cf9300 DPL=0 DS   [-WA]
GS =0010 00000000 ffffffff 00cf9300 DPL=0 DS   [-WA]
LDT=0000 00000000 0000ffff 00008200 DPL=0 LDT
TR =0000 00000000 0000ffff 00008b00 DPL=0 TSS32-busy
GDT=     ff801000 00000fff
IDT=     ff800000 00000fff
CR0=80000011 CR2=00000000 CR3=3fff9000 CR4=00000100
DR0=00000000 DR1=00000000 DR2=00000000 DR3=00000000 
DR6=ffff0ff0 DR7=00000400
CCS=0000001c CCD=ffc3bdc4 CCO=ADDL
EFER=0000000000000000
check_exception old: 0xffffffff new 0xd
     9: v=0d e=0000 i=0 cpl=0 IP=0008:800050b2 pc=800050b2 SP=0010:0000002a env->regs[R_EAX]=00000000
check_exception old: 0xffffffff new 0xd
EAX=00000000 EBX=00000000 ECX=00000000 EDX=00000000
ESI=00000000 EDI=00000000 EBP=00000000 ESP=0000002a
EIP=800050b2 EFL=00000082 [--S----] CPL=0 II=0 A20=1 SMM=0 HLT=0
ES =0010 00000000 ffffffff 00cf9300 DPL=0 DS   [-WA]
CS =0008 00000000 ffffffff 00cf9b00 DPL=0 CS32 [-RA]
SS =0010 00000000 ffffffff 00cf9300 DPL=0 DS   [-WA]
DS =0010 00000000 ffffffff 00cf9300 DPL=0 DS   [-WA]
FS =0010 00000000 ffffffff 00cf9300 DPL=0 DS   [-WA]
GS =0010 00000000 ffffffff 00cf9300 DPL=0 DS   [-WA]
LDT=0000 00000000 0000ffff 00008200 DPL=0 LDT
TR =0000 00000000 0000ffff 00008b00 DPL=0 TSS32-busy
GDT=     ff801000 00000fff
IDT=     ff800000 00000fff
CR0=80000011 CR2=00000000 CR3=3fff9000 CR4=00000100
DR0=00000000 DR1=00000000 DR2=00000000 DR3=00000000 
DR6=ffff0ff0 DR7=00000400
CCS=00000008 CCD=80004cdf CCO=ADDL
EFER=0000000000000000
    10: v=0d e=0000 i=0 cpl=0 IP=0008:800050b2 pc=800050b2 SP=0010:0000002a env->regs[R_EAX]=00000000
EAX=00000000 EBX=00000000 ECX=00000000 EDX=00000000
ESI=00000000 EDI=00000000 EBP=00000000 ESP=0000002a
EIP=800050b2 EFL=00000082 [--S----] CPL=0 II=0 A20=1 SMM=0 HLT=0
ES =0010 00000000 ffffffff 00cf9300 DPL=0 DS   [-WA]
CS =0008 00000000 ffffffff 00cf9b00 DPL=0 CS32 [-RA]
SS =0010 00000000 ffffffff 00cf9300 DPL=0 DS   [-WA]
DS =0010 00000000 ffffffff 00cf9300 DPL=0 DS   [-WA]
FS =0010 00000000 ffffffff 00cf9300 DPL=0 DS   [-WA]
GS =0010 00000000 ffffffff 00cf9300 DPL=0 DS   [-WA]
LDT=0000 00000000 0000ffff 00008200 DPL=0 LDT
TR =0000 00000000 0000ffff 00008b00 DPL=0 TSS32-busy
GDT=     ff801000 00000fff
IDT=     ff800000 00000fff
CR0=80000011 CR2=00000000 CR3=3fff9000 CR4=00000100
DR0=00000000 DR1=00000000 DR2=00000000 DR3=00000000 
DR6=ffff0ff0 DR7=00000400
CCS=00000008 CCD=80004cdf CCO=ADDL
EFER=0000000000000000
check_exception old: 0xffffffff new 0xe
    11: v=0e e=0002 i=0 cpl=0 IP=0008:80000955 pc=80000955 SP=0010:00000002 CR2=fffffffe
EAX=00000033 EBX=ffffffff ECX=00000003 EDX=000003e8
ESI=00000000 EDI=00000000 EBP=00000000 ESP=00000002
EIP=80000955 EFL=00000006 [-----P-] CPL=0 II=0 A20=1 SMM=0 HLT=0
ES =0010 00000000 ffffffff 00cf9300 DPL=0 DS   [-WA]
CS =0008 00000000 ffffffff 00cf9b00 DPL=0 CS32 [-RA]
SS =0010 00000000 ffffffff 00cf9300 DPL=0 DS   [-WA]
DS =0010 00000000 ffffffff 00cf9300 DPL=0 DS   [-WA]
FS =0010 00000000 ffffffff 00cf9300 DPL=0 DS   [-WA]
GS =0010 00000000 ffffffff 00cf9300 DPL=0 DS   [-WA]
LDT=0000 00000000 0000ffff 00008200 DPL=0 LDT
TR =0000 00000000 0000ffff 00008b00 DPL=0 TSS32-busy
GDT=     ff801000 00000fff
IDT=     ff800000 00000fff
CR0=80000011 CR2=fffffffe CR3=3fff9000 CR4=00000100
DR0=00000000 DR1=00000000 DR2=00000000 DR3=00000000 
DR6=ffff0ff0 DR7=00000400
CCS=00000030 CCD=00000033 CCO=ADDL
EFER=0000000000000000
check_exception old: 0xe new 0xe
    12: v=08 e=0000 i=0 cpl=0 IP=0008:80000955 pc=80000955 SP=0010:00000002 env->regs[R_EAX]=00000033
EAX=00000033 EBX=ffffffff ECX=00000003 EDX=000003e8
ESI=00000000 EDI=00000000 EBP=00000000 ESP=00000002
EIP=80000955 EFL=00000006 [-----P-] CPL=0 II=0 A20=1 SMM=0 HLT=0
ES =0010 00000000 ffffffff 00cf9300 DPL=0 DS   [-WA]
CS =0008 00000000 ffffffff 00cf9b00 DPL=0 CS32 [-RA]
SS =0010 00000000 ffffffff 00cf9300 DPL=0 DS   [-WA]
DS =0010 00000000 ffffffff 00cf9300 DPL=0 DS   [-WA]
FS =0010 00000000 ffffffff 00cf9300 DPL=0 DS   [-WA]
GS =0010 00000000 ffffffff 00cf9300 DPL=0 DS   [-WA]
LDT=0000 00000000 0000ffff 00008200 DPL=0 LDT
TR =0000 00000000 0000ffff 00008b00 DPL=0 TSS32-busy
GDT=     ff801000 00000fff
IDT=     ff800000 00000fff
CR0=80000011 CR2=fffffffe CR3=3fff9000 CR4=00000100
DR0=00000000 DR1=00000000 DR2=00000000 DR3=00000000 
DR6=ffff0ff0 DR7=00000400
CCS=00000030 CCD=00000033 CCO=ADDL
EFER=0000000000000000
check_exception old: 0x8 new 0xe
