c[?7l[2J[0mSeaBIOS (version 1.16.3-2.fc40)


iPXE (https://ipxe.org) 00:03.0 CA00 PCI2.10 PnP PMM+3EFCA420+3EF0A420 CA00
Press Ctrl-B to configure iPXE (PCI 00:03.0)...                                                                               


Booting from Hard Disk...
Boot failed: could not read the boot disk

Booting from Floppy...
Loading EPOS ... done





<0>: Ignoring ELF segment 1 at 0x80480d4! :<0>

*** This is EPOS!

Setting up this machine as follows: 
  Mode:         library
  Processor:    4 x IA32 at 2000 MHz (BUS clock = 2000 MHz)
  Machine:      PC
  Memory:       1048576 KB [0x00000000:0x40000000]
  User memory:  1047412 KB [0x00000000:0x3fedd000]
  I/O space:    28612 KB [0xfd000000:0xfebf1000]
  Node Id:      will get from the network!
  Position:     will get from the network!
  Setup:        24448 bytes
  APP code:     28672 bytes	data: 4214784 bytes

[000;079H
[000;000H[000;079H
[000;000H[000;079H
[000;000H<0>: IC::exc_gpf(cs=0,ip=0x00000000,fl=0)